Started GET "/" for 127.0.0.1 at 2018-08-25 11:23:55 -0300
Processing by Rails::WelcomeController#index as HTML
  Rendering /Users/polinelottin/.rvm/gems/ruby-2.3.5/gems/railties-5.2.1/lib/rails/templates/rails/welcome/index.html.erb
  Rendered /Users/polinelottin/.rvm/gems/ruby-2.3.5/gems/railties-5.2.1/lib/rails/templates/rails/welcome/index.html.erb (3.5ms)
Completed 200 OK in 21ms (Views: 9.8ms | ActiveRecord: 0.0ms)


  [1m[35m (0.6ms)[0m  [1m[34mSELECT sqlite_version(*)[0m
  ↳ /Users/polinelottin/.rvm/gems/ruby-2.3.5/bin/rake:23
  [1m[35m (2.0ms)[0m  [1m[35mCREATE TABLE "schema_migrations" ("version" varchar NOT NULL PRIMARY KEY)[0m
  ↳ /Users/polinelottin/.rvm/gems/ruby-2.3.5/bin/rake:23
  [1m[35m (1.1ms)[0m  [1m[35mCREATE TABLE "ar_internal_metadata" ("key" varchar NOT NULL PRIMARY KEY, "value" varchar, "created_at" datetime NOT NULL, "updated_at" datetime NOT NULL)[0m
  ↳ /Users/polinelottin/.rvm/gems/ruby-2.3.5/bin/rake:23
  [1m[35m (0.2ms)[0m  [1m[34mSELECT "schema_migrations"."version" FROM "schema_migrations" ORDER BY "schema_migrations"."version" ASC[0m
  ↳ /Users/polinelottin/.rvm/gems/ruby-2.3.5/bin/rake:23
Migrating to CreateIdeas (20180825142846)
  [1m[35m (0.1ms)[0m  [1m[36mbegin transaction[0m
  ↳ /Users/polinelottin/.rvm/gems/ruby-2.3.5/bin/rake:23
  [1m[35m (0.5ms)[0m  [1m[35mCREATE TABLE "ideas" ("id" integer PRIMARY KEY AUTOINCREMENT NOT NULL, "name" varchar, "description" text, "picture" varchar, "created_at" datetime NOT NULL, "updated_at" datetime NOT NULL)[0m
  ↳ db/migrate/20180825142846_create_ideas.rb:3
  [1m[36mActiveRecord::SchemaMigration Create (0.5ms)[0m  [1m[32mINSERT INTO "schema_migrations" ("version") VALUES (?)[0m  [["version", "20180825142846"]]
  ↳ /Users/polinelottin/.rvm/gems/ruby-2.3.5/bin/rake:23
  [1m[35m (1.1ms)[0m  [1m[36mcommit transaction[0m
  ↳ /Users/polinelottin/.rvm/gems/ruby-2.3.5/bin/rake:23
  [1m[36mActiveRecord::InternalMetadata Load (0.2ms)[0m  [1m[34mSELECT  "ar_internal_metadata".* FROM "ar_internal_metadata" WHERE "ar_internal_metadata"."key" = ? LIMIT ?[0m  [["key", "environment"], ["LIMIT", 1]]
  ↳ /Users/polinelottin/.rvm/gems/ruby-2.3.5/bin/rake:23
  [1m[35m (0.1ms)[0m  [1m[36mbegin transaction[0m
  ↳ /Users/polinelottin/.rvm/gems/ruby-2.3.5/bin/rake:23
  [1m[36mActiveRecord::InternalMetadata Create (0.3ms)[0m  [1m[32mINSERT INTO "ar_internal_metadata" ("key", "value", "created_at", "updated_at") VALUES (?, ?, ?, ?)[0m  [["key", "environment"], ["value", "development"], ["created_at", "2018-08-25 14:30:12.512606"], ["updated_at", "2018-08-25 14:30:12.512606"]]
  ↳ /Users/polinelottin/.rvm/gems/ruby-2.3.5/bin/rake:23
  [1m[35m (0.9ms)[0m  [1m[36mcommit transaction[0m
  ↳ /Users/polinelottin/.rvm/gems/ruby-2.3.5/bin/rake:23
  [1m[35m (0.1ms)[0m  [1m[34mSELECT "schema_migrations"."version" FROM "schema_migrations" ORDER BY "schema_migrations"."version" ASC[0m
  ↳ /Users/polinelottin/.rvm/gems/ruby-2.3.5/bin/rake:23
Started GET "/ideas" for 127.0.0.1 at 2018-08-25 11:32:13 -0300
  [1m[35m (0.1ms)[0m  [1m[34mSELECT "schema_migrations"."version" FROM "schema_migrations" ORDER BY "schema_migrations"."version" ASC[0m
  ↳ /Users/polinelottin/.rvm/gems/ruby-2.3.5/gems/activerecord-5.2.1/lib/active_record/log_subscriber.rb:98
Processing by IdeasController#index as HTML
  Rendering ideas/index.html.erb within layouts/application
  [1m[36mIdea Load (0.1ms)[0m  [1m[34mSELECT "ideas".* FROM "ideas"[0m
  ↳ app/views/ideas/index.html.erb:16
  Rendered ideas/index.html.erb within layouts/application (10.9ms)
Completed 200 OK in 712ms (Views: 699.7ms | ActiveRecord: 0.5ms)


Started GET "/ideas" for 127.0.0.1 at 2018-08-25 11:32:32 -0300
Processing by IdeasController#index as HTML
  Rendering ideas/index.html.erb within layouts/application
  [1m[36mIdea Load (0.2ms)[0m  [1m[34mSELECT "ideas".* FROM "ideas"[0m
  ↳ app/views/ideas/index.html.erb:16
  Rendered ideas/index.html.erb within layouts/application (1.8ms)
Completed 200 OK in 60ms (Views: 57.2ms | ActiveRecord: 0.2ms)


Started GET "/ideas" for 127.0.0.1 at 2018-08-25 11:32:48 -0300
Processing by IdeasController#index as HTML
  Rendering ideas/index.html.erb within layouts/application
  [1m[36mIdea Load (0.2ms)[0m  [1m[34mSELECT "ideas".* FROM "ideas"[0m
  ↳ app/views/ideas/index.html.erb:16
  Rendered ideas/index.html.erb within layouts/application (1.7ms)
Completed 200 OK in 36ms (Views: 32.7ms | ActiveRecord: 0.2ms)


Started GET "/ideas" for 127.0.0.1 at 2018-08-25 11:32:48 -0300
Processing by IdeasController#index as HTML
  Rendering ideas/index.html.erb within layouts/application
  [1m[36mIdea Load (0.1ms)[0m  [1m[34mSELECT "ideas".* FROM "ideas"[0m
  ↳ app/views/ideas/index.html.erb:16
  Rendered ideas/index.html.erb within layouts/application (1.7ms)
Completed 200 OK in 25ms (Views: 22.9ms | ActiveRecord: 0.1ms)


Started GET "/ideas" for 127.0.0.1 at 2018-08-25 11:32:59 -0300
Processing by IdeasController#index as HTML
  Rendering ideas/index.html.erb within layouts/application
  [1m[36mIdea Load (0.4ms)[0m  [1m[34mSELECT "ideas".* FROM "ideas"[0m
  ↳ app/views/ideas/index.html.erb:16
  Rendered ideas/index.html.erb within layouts/application (1.7ms)
Completed 200 OK in 29ms (Views: 26.8ms | ActiveRecord: 0.4ms)


Started GET "/" for 127.0.0.1 at 2018-08-25 11:33:00 -0300
Processing by Rails::WelcomeController#index as HTML
  Rendering /Users/polinelottin/.rvm/gems/ruby-2.3.5/gems/railties-5.2.1/lib/rails/templates/rails/welcome/index.html.erb
  Rendered /Users/polinelottin/.rvm/gems/ruby-2.3.5/gems/railties-5.2.1/lib/rails/templates/rails/welcome/index.html.erb (3.6ms)
Started GET "/" for 127.0.0.1 at 2018-08-25 11:33:00 -0300
Completed 200 OK in 13ms (Views: 8.9ms | ActiveRecord: 0.0ms)


Processing by Rails::WelcomeController#index as HTML
  Rendering /Users/polinelottin/.rvm/gems/ruby-2.3.5/gems/railties-5.2.1/lib/rails/templates/rails/welcome/index.html.erb
  Rendered /Users/polinelottin/.rvm/gems/ruby-2.3.5/gems/railties-5.2.1/lib/rails/templates/rails/welcome/index.html.erb (3.2ms)
Completed 200 OK in 18ms (Views: 11.8ms | ActiveRecord: 0.0ms)


Started GET "/" for 127.0.0.1 at 2018-08-25 11:33:04 -0300
Processing by Rails::WelcomeController#index as HTML
  Rendering /Users/polinelottin/.rvm/gems/ruby-2.3.5/gems/railties-5.2.1/lib/rails/templates/rails/welcome/index.html.erb
  Rendered /Users/polinelottin/.rvm/gems/ruby-2.3.5/gems/railties-5.2.1/lib/rails/templates/rails/welcome/index.html.erb (2.7ms)
Completed 200 OK in 9ms (Views: 6.5ms | ActiveRecord: 0.0ms)


Started GET "/ideas" for 127.0.0.1 at 2018-08-25 11:33:05 -0300
Processing by IdeasController#index as HTML
  Rendering ideas/index.html.erb within layouts/application
  [1m[36mIdea Load (0.1ms)[0m  [1m[34mSELECT "ideas".* FROM "ideas"[0m
  ↳ app/views/ideas/index.html.erb:16
  Rendered ideas/index.html.erb within layouts/application (1.6ms)
Completed 200 OK in 26ms (Views: 23.7ms | ActiveRecord: 0.1ms)


Started GET "/ideias" for 127.0.0.1 at 2018-08-25 11:33:06 -0300
  
ActionController::RoutingError (No route matches [GET] "/ideias"):
  
actionpack (5.2.1) lib/action_dispatch/middleware/debug_exceptions.rb:65:in `call'
web-console (3.6.2) lib/web_console/middleware.rb:135:in `call_app'
web-console (3.6.2) lib/web_console/middleware.rb:30:in `block in call'
web-console (3.6.2) lib/web_console/middleware.rb:20:in `catch'
web-console (3.6.2) lib/web_console/middleware.rb:20:in `call'
actionpack (5.2.1) lib/action_dispatch/middleware/show_exceptions.rb:33:in `call'
railties (5.2.1) lib/rails/rack/logger.rb:38:in `call_app'
railties (5.2.1) lib/rails/rack/logger.rb:26:in `block in call'
activesupport (5.2.1) lib/active_support/tagged_logging.rb:71:in `block in tagged'
activesupport (5.2.1) lib/active_support/tagged_logging.rb:28:in `tagged'
activesupport (5.2.1) lib/active_support/tagged_logging.rb:71:in `tagged'
railties (5.2.1) lib/rails/rack/logger.rb:26:in `call'
sprockets-rails (3.2.1) lib/sprockets/rails/quiet_assets.rb:13:in `call'
actionpack (5.2.1) lib/action_dispatch/middleware/remote_ip.rb:81:in `call'
actionpack (5.2.1) lib/action_dispatch/middleware/request_id.rb:27:in `call'
rack (2.0.5) lib/rack/method_override.rb:22:in `call'
rack (2.0.5) lib/rack/runtime.rb:22:in `call'
activesupport (5.2.1) lib/active_support/cache/strategy/local_cache_middleware.rb:29:in `call'
actionpack (5.2.1) lib/action_dispatch/middleware/executor.rb:14:in `call'
actionpack (5.2.1) lib/action_dispatch/middleware/static.rb:127:in `call'
rack (2.0.5) lib/rack/sendfile.rb:111:in `call'
railties (5.2.1) lib/rails/engine.rb:524:in `call'
puma (3.12.0) lib/puma/configuration.rb:225:in `call'
puma (3.12.0) lib/puma/server.rb:658:in `handle_request'
puma (3.12.0) lib/puma/server.rb:472:in `process_client'
puma (3.12.0) lib/puma/server.rb:332:in `block in run'
puma (3.12.0) lib/puma/thread_pool.rb:133:in `block in spawn_thread'
Started GET "/ideias" for 127.0.0.1 at 2018-08-25 11:33:11 -0300
  
ActionController::RoutingError (No route matches [GET] "/ideias"):
  
actionpack (5.2.1) lib/action_dispatch/middleware/debug_exceptions.rb:65:in `call'
web-console (3.6.2) lib/web_console/middleware.rb:135:in `call_app'
web-console (3.6.2) lib/web_console/middleware.rb:30:in `block in call'
web-console (3.6.2) lib/web_console/middleware.rb:20:in `catch'
web-console (3.6.2) lib/web_console/middleware.rb:20:in `call'
actionpack (5.2.1) lib/action_dispatch/middleware/show_exceptions.rb:33:in `call'
railties (5.2.1) lib/rails/rack/logger.rb:38:in `call_app'
railties (5.2.1) lib/rails/rack/logger.rb:26:in `block in call'
activesupport (5.2.1) lib/active_support/tagged_logging.rb:71:in `block in tagged'
activesupport (5.2.1) lib/active_support/tagged_logging.rb:28:in `tagged'
activesupport (5.2.1) lib/active_support/tagged_logging.rb:71:in `tagged'
railties (5.2.1) lib/rails/rack/logger.rb:26:in `call'
sprockets-rails (3.2.1) lib/sprockets/rails/quiet_assets.rb:13:in `call'
actionpack (5.2.1) lib/action_dispatch/middleware/remote_ip.rb:81:in `call'
actionpack (5.2.1) lib/action_dispatch/middleware/request_id.rb:27:in `call'
rack (2.0.5) lib/rack/method_override.rb:22:in `call'
rack (2.0.5) lib/rack/runtime.rb:22:in `call'
activesupport (5.2.1) lib/active_support/cache/strategy/local_cache_middleware.rb:29:in `call'
actionpack (5.2.1) lib/action_dispatch/middleware/executor.rb:14:in `call'
actionpack (5.2.1) lib/action_dispatch/middleware/static.rb:127:in `call'
rack (2.0.5) lib/rack/sendfile.rb:111:in `call'
railties (5.2.1) lib/rails/engine.rb:524:in `call'
puma (3.12.0) lib/puma/configuration.rb:225:in `call'
puma (3.12.0) lib/puma/server.rb:658:in `handle_request'
puma (3.12.0) lib/puma/server.rb:472:in `process_client'
puma (3.12.0) lib/puma/server.rb:332:in `block in run'
puma (3.12.0) lib/puma/thread_pool.rb:133:in `block in spawn_thread'
Started GET "/ideas" for 127.0.0.1 at 2018-08-25 11:33:12 -0300
Processing by IdeasController#index as HTML
  Rendering ideas/index.html.erb within layouts/application
  [1m[36mIdea Load (0.1ms)[0m  [1m[34mSELECT "ideas".* FROM "ideas"[0m
  ↳ app/views/ideas/index.html.erb:16
  Rendered ideas/index.html.erb within layouts/application (1.1ms)
Completed 200 OK in 24ms (Views: 22.4ms | ActiveRecord: 0.1ms)


Started GET "/ideas" for 127.0.0.1 at 2018-08-25 11:33:12 -0300
Processing by IdeasController#index as HTML
  Rendering ideas/index.html.erb within layouts/application
  [1m[36mIdea Load (0.1ms)[0m  [1m[34mSELECT "ideas".* FROM "ideas"[0m
  ↳ app/views/ideas/index.html.erb:16
  Rendered ideas/index.html.erb within layouts/application (1.5ms)
Completed 200 OK in 23ms (Views: 20.5ms | ActiveRecord: 0.1ms)


Started GET "/ideas/new" for 127.0.0.1 at 2018-08-25 11:33:15 -0300
Processing by IdeasController#new as HTML
  Rendering ideas/new.html.erb within layouts/application
  Rendered ideas/_form.html.erb (12.3ms)
  Rendered ideas/new.html.erb within layouts/application (14.5ms)
Completed 200 OK in 45ms (Views: 32.9ms | ActiveRecord: 0.5ms)


Started POST "/ideas" for 127.0.0.1 at 2018-08-25 11:34:13 -0300
Processing by IdeasController#create as HTML
  Parameters: {"utf8"=>"✓", "authenticity_token"=>"u9cLdaqYn8NbnpPbCZymmeYArimzuW4z5XXNO2nulzyNd855l5MXLJYxOC/f/vDITiYB9uaS3endaIxvQJitGA==", "idea"=>{"name"=>"flores", "description"=>"", "picture"=>""}, "commit"=>"Create Idea"}
  [1m[35m (0.1ms)[0m  [1m[36mbegin transaction[0m
  ↳ app/controllers/ideas_controller.rb:30
  [1m[36mIdea Create (0.6ms)[0m  [1m[32mINSERT INTO "ideas" ("name", "description", "picture", "created_at", "updated_at") VALUES (?, ?, ?, ?, ?)[0m  [["name", "flores"], ["description", ""], ["picture", ""], ["created_at", "2018-08-25 14:34:13.336551"], ["updated_at", "2018-08-25 14:34:13.336551"]]
  ↳ app/controllers/ideas_controller.rb:30
  [1m[35m (1.1ms)[0m  [1m[36mcommit transaction[0m
  ↳ app/controllers/ideas_controller.rb:30
Redirected to http://localhost:3000/ideas/1
Completed 302 Found in 7ms (ActiveRecord: 1.7ms)


Started GET "/ideas/1" for 127.0.0.1 at 2018-08-25 11:34:13 -0300
Processing by IdeasController#show as HTML
  Parameters: {"id"=>"1"}
  [1m[36mIdea Load (0.2ms)[0m  [1m[34mSELECT  "ideas".* FROM "ideas" WHERE "ideas"."id" = ? LIMIT ?[0m  [["id", 1], ["LIMIT", 1]]
  ↳ app/controllers/ideas_controller.rb:67
  Rendering ideas/show.html.erb within layouts/application
  Rendered ideas/show.html.erb within layouts/application (1.6ms)
Completed 200 OK in 33ms (Views: 27.7ms | ActiveRecord: 0.2ms)


Started GET "/ideas" for 127.0.0.1 at 2018-08-25 11:34:18 -0300
Processing by IdeasController#index as HTML
  Rendering ideas/index.html.erb within layouts/application
  [1m[36mIdea Load (0.1ms)[0m  [1m[34mSELECT "ideas".* FROM "ideas"[0m
  ↳ app/views/ideas/index.html.erb:16
  Rendered ideas/index.html.erb within layouts/application (1.4ms)
Completed 200 OK in 21ms (Views: 18.0ms | ActiveRecord: 0.1ms)


Started GET "/" for 127.0.0.1 at 2018-08-25 11:42:55 -0300
Processing by Rails::WelcomeController#index as HTML
  Rendering /Users/polinelottin/.rvm/gems/ruby-2.3.5/gems/railties-5.2.1/lib/rails/templates/rails/welcome/index.html.erb
  Rendered /Users/polinelottin/.rvm/gems/ruby-2.3.5/gems/railties-5.2.1/lib/rails/templates/rails/welcome/index.html.erb (3.0ms)
Completed 200 OK in 9ms (Views: 5.7ms | ActiveRecord: 0.0ms)


Started GET "/" for 127.0.0.1 at 2018-08-25 11:43:04 -0300
Processing by Rails::WelcomeController#index as HTML
  Rendering /Users/polinelottin/.rvm/gems/ruby-2.3.5/gems/railties-5.2.1/lib/rails/templates/rails/welcome/index.html.erb
  Rendered /Users/polinelottin/.rvm/gems/ruby-2.3.5/gems/railties-5.2.1/lib/rails/templates/rails/welcome/index.html.erb (2.3ms)
Completed 200 OK in 8ms (Views: 5.3ms | ActiveRecord: 0.0ms)


Started GET "/ideias" for 127.0.0.1 at 2018-08-25 11:43:05 -0300
  
ActionController::RoutingError (No route matches [GET] "/ideias"):
  
actionpack (5.2.1) lib/action_dispatch/middleware/debug_exceptions.rb:65:in `call'
web-console (3.6.2) lib/web_console/middleware.rb:135:in `call_app'
web-console (3.6.2) lib/web_console/middleware.rb:30:in `block in call'
web-console (3.6.2) lib/web_console/middleware.rb:20:in `catch'
web-console (3.6.2) lib/web_console/middleware.rb:20:in `call'
actionpack (5.2.1) lib/action_dispatch/middleware/show_exceptions.rb:33:in `call'
railties (5.2.1) lib/rails/rack/logger.rb:38:in `call_app'
railties (5.2.1) lib/rails/rack/logger.rb:26:in `block in call'
activesupport (5.2.1) lib/active_support/tagged_logging.rb:71:in `block in tagged'
activesupport (5.2.1) lib/active_support/tagged_logging.rb:28:in `tagged'
activesupport (5.2.1) lib/active_support/tagged_logging.rb:71:in `tagged'
railties (5.2.1) lib/rails/rack/logger.rb:26:in `call'
sprockets-rails (3.2.1) lib/sprockets/rails/quiet_assets.rb:13:in `call'
actionpack (5.2.1) lib/action_dispatch/middleware/remote_ip.rb:81:in `call'
actionpack (5.2.1) lib/action_dispatch/middleware/request_id.rb:27:in `call'
rack (2.0.5) lib/rack/method_override.rb:22:in `call'
rack (2.0.5) lib/rack/runtime.rb:22:in `call'
activesupport (5.2.1) lib/active_support/cache/strategy/local_cache_middleware.rb:29:in `call'
actionpack (5.2.1) lib/action_dispatch/middleware/executor.rb:14:in `call'
actionpack (5.2.1) lib/action_dispatch/middleware/static.rb:127:in `call'
rack (2.0.5) lib/rack/sendfile.rb:111:in `call'
railties (5.2.1) lib/rails/engine.rb:524:in `call'
puma (3.12.0) lib/puma/configuration.rb:225:in `call'
puma (3.12.0) lib/puma/server.rb:658:in `handle_request'
puma (3.12.0) lib/puma/server.rb:472:in `process_client'
puma (3.12.0) lib/puma/server.rb:332:in `block in run'
puma (3.12.0) lib/puma/thread_pool.rb:133:in `block in spawn_thread'
Started GET "/ideas" for 127.0.0.1 at 2018-08-25 11:43:06 -0300
Processing by IdeasController#index as HTML
  Rendering ideas/index.html.erb within layouts/application
  [1m[36mIdea Load (0.1ms)[0m  [1m[34mSELECT "ideas".* FROM "ideas"[0m
  ↳ app/views/ideas/index.html.erb:16
  Rendered ideas/index.html.erb within layouts/application (1.3ms)
Completed 200 OK in 20ms (Views: 17.4ms | ActiveRecord: 0.1ms)


Started GET "/ideas" for 127.0.0.1 at 2018-08-25 11:43:07 -0300
Processing by IdeasController#index as HTML
  Rendering ideas/index.html.erb within layouts/application
  [1m[36mIdea Load (0.1ms)[0m  [1m[34mSELECT "ideas".* FROM "ideas"[0m
  ↳ app/views/ideas/index.html.erb:16
  Rendered ideas/index.html.erb within layouts/application (1.6ms)
Completed 200 OK in 23ms (Views: 21.1ms | ActiveRecord: 0.1ms)


Started GET "/" for 127.0.0.1 at 2018-08-25 11:43:14 -0300
Processing by Rails::WelcomeController#index as HTML
  Rendering /Users/polinelottin/.rvm/gems/ruby-2.3.5/gems/railties-5.2.1/lib/rails/templates/rails/welcome/index.html.erb
  Rendered /Users/polinelottin/.rvm/gems/ruby-2.3.5/gems/railties-5.2.1/lib/rails/templates/rails/welcome/index.html.erb (2.6ms)
Completed 200 OK in 10ms (Views: 5.5ms | ActiveRecord: 0.0ms)


Started GET "/" for 127.0.0.1 at 2018-08-25 11:43:14 -0300
Processing by Rails::WelcomeController#index as HTML
  Rendering /Users/polinelottin/.rvm/gems/ruby-2.3.5/gems/railties-5.2.1/lib/rails/templates/rails/welcome/index.html.erb
  Rendered /Users/polinelottin/.rvm/gems/ruby-2.3.5/gems/railties-5.2.1/lib/rails/templates/rails/welcome/index.html.erb (2.4ms)
Completed 200 OK in 8ms (Views: 5.4ms | ActiveRecord: 0.0ms)


Started GET "/" for 127.0.0.1 at 2018-08-25 11:43:20 -0300
Processing by Rails::WelcomeController#index as HTML
  Rendering /Users/polinelottin/.rvm/gems/ruby-2.3.5/gems/railties-5.2.1/lib/rails/templates/rails/welcome/index.html.erb
  Rendered /Users/polinelottin/.rvm/gems/ruby-2.3.5/gems/railties-5.2.1/lib/rails/templates/rails/welcome/index.html.erb (2.3ms)
Completed 200 OK in 8ms (Views: 4.9ms | ActiveRecord: 0.0ms)


Started GET "/ideias" for 127.0.0.1 at 2018-08-25 11:43:21 -0300
  
ActionController::RoutingError (No route matches [GET] "/ideias"):
  
actionpack (5.2.1) lib/action_dispatch/middleware/debug_exceptions.rb:65:in `call'
web-console (3.6.2) lib/web_console/middleware.rb:135:in `call_app'
web-console (3.6.2) lib/web_console/middleware.rb:30:in `block in call'
web-console (3.6.2) lib/web_console/middleware.rb:20:in `catch'
web-console (3.6.2) lib/web_console/middleware.rb:20:in `call'
actionpack (5.2.1) lib/action_dispatch/middleware/show_exceptions.rb:33:in `call'
railties (5.2.1) lib/rails/rack/logger.rb:38:in `call_app'
railties (5.2.1) lib/rails/rack/logger.rb:26:in `block in call'
activesupport (5.2.1) lib/active_support/tagged_logging.rb:71:in `block in tagged'
activesupport (5.2.1) lib/active_support/tagged_logging.rb:28:in `tagged'
activesupport (5.2.1) lib/active_support/tagged_logging.rb:71:in `tagged'
railties (5.2.1) lib/rails/rack/logger.rb:26:in `call'
sprockets-rails (3.2.1) lib/sprockets/rails/quiet_assets.rb:13:in `call'
actionpack (5.2.1) lib/action_dispatch/middleware/remote_ip.rb:81:in `call'
actionpack (5.2.1) lib/action_dispatch/middleware/request_id.rb:27:in `call'
rack (2.0.5) lib/rack/method_override.rb:22:in `call'
rack (2.0.5) lib/rack/runtime.rb:22:in `call'
activesupport (5.2.1) lib/active_support/cache/strategy/local_cache_middleware.rb:29:in `call'
actionpack (5.2.1) lib/action_dispatch/middleware/executor.rb:14:in `call'
actionpack (5.2.1) lib/action_dispatch/middleware/static.rb:127:in `call'
rack (2.0.5) lib/rack/sendfile.rb:111:in `call'
railties (5.2.1) lib/rails/engine.rb:524:in `call'
puma (3.12.0) lib/puma/configuration.rb:225:in `call'
puma (3.12.0) lib/puma/server.rb:658:in `handle_request'
puma (3.12.0) lib/puma/server.rb:472:in `process_client'
puma (3.12.0) lib/puma/server.rb:332:in `block in run'
puma (3.12.0) lib/puma/thread_pool.rb:133:in `block in spawn_thread'
Started GET "/ideas" for 127.0.0.1 at 2018-08-25 11:43:22 -0300
Processing by IdeasController#index as HTML
  Rendering ideas/index.html.erb within layouts/application
  [1m[36mIdea Load (0.1ms)[0m  [1m[34mSELECT "ideas".* FROM "ideas"[0m
  ↳ app/views/ideas/index.html.erb:16
  Rendered ideas/index.html.erb within layouts/application (1.4ms)
Completed 200 OK in 22ms (Views: 20.1ms | ActiveRecord: 0.1ms)


Started GET "/ideas" for 127.0.0.1 at 2018-08-25 11:44:51 -0300
Processing by IdeasController#index as HTML
  Rendering ideas/index.html.erb within layouts/application
  [1m[36mIdea Load (0.1ms)[0m  [1m[34mSELECT "ideas".* FROM "ideas"[0m
  ↳ app/views/ideas/index.html.erb:16
  Rendered ideas/index.html.erb within layouts/application (1.5ms)
Completed 200 OK in 33ms (Views: 30.0ms | ActiveRecord: 0.1ms)


Started GET "/ideas" for 127.0.0.1 at 2018-08-25 13:08:23 -0300
Processing by IdeasController#index as HTML
Completed 500 Internal Server Error in 2ms (ActiveRecord: 0.0ms)


  
SyntaxError (/Users/polinelottin/dev/ruby/carolapp/app/models/idea.rb:4: syntax error, unexpected end-of-input, expecting keyword_end):
  
app/models/idea.rb:4: syntax error, unexpected end-of-input, expecting keyword_end
app/controllers/ideas_controller.rb:7:in `index'
Started GET "/ideas" for 127.0.0.1 at 2018-08-25 13:09:36 -0300
Processing by IdeasController#index as HTML
Completed 500 Internal Server Error in 16ms (ActiveRecord: 0.0ms)


  
SyntaxError (/Users/polinelottin/dev/ruby/carolapp/app/models/idea.rb:4: syntax error, unexpected end-of-input, expecting keyword_end):
  
app/models/idea.rb:4: syntax error, unexpected end-of-input, expecting keyword_end
app/controllers/ideas_controller.rb:7:in `index'
Started GET "/ideas" for 127.0.0.1 at 2018-08-25 13:12:09 -0300
Processing by IdeasController#index as HTML
Completed 500 Internal Server Error in 5ms (ActiveRecord: 0.0ms)


  
NameError (uninitialized constant Idea::PictureUploader):
  
app/models/idea.rb:2:in `<class:Idea>'
app/models/idea.rb:1:in `<main>'
app/controllers/ideas_controller.rb:7:in `index'
Started GET "/ideas" for 127.0.0.1 at 2018-08-25 13:33:29 -0300
  [1m[35m (0.2ms)[0m  [1m[34mSELECT "schema_migrations"."version" FROM "schema_migrations" ORDER BY "schema_migrations"."version" ASC[0m
  ↳ /Users/polinelottin/.rvm/gems/ruby-2.3.5/gems/activerecord-5.2.1/lib/active_record/log_subscriber.rb:98
Processing by IdeasController#index as HTML
  Rendering ideas/index.html.erb within layouts/application
  [1m[36mIdea Load (0.2ms)[0m  [1m[34mSELECT "ideas".* FROM "ideas"[0m
  ↳ app/views/ideas/index.html.erb:16
  Rendered ideas/index.html.erb within layouts/application (13.1ms)
Completed 200 OK in 313ms (Views: 292.9ms | ActiveRecord: 0.8ms)


Started GET "/ideas" for 127.0.0.1 at 2018-08-25 13:35:17 -0300
Processing by IdeasController#index as HTML
  Rendering ideas/index.html.erb within layouts/application
  [1m[36mIdea Load (0.1ms)[0m  [1m[34mSELECT "ideas".* FROM "ideas"[0m
  ↳ app/views/ideas/index.html.erb:16
  Rendered ideas/index.html.erb within layouts/application (2.0ms)
Completed 200 OK in 30ms (Views: 26.5ms | ActiveRecord: 0.1ms)


Started GET "/" for 127.0.0.1 at 2018-08-25 13:35:39 -0300
Processing by Rails::WelcomeController#index as HTML
  Rendering /Users/polinelottin/.rvm/gems/ruby-2.3.5/gems/railties-5.2.1/lib/rails/templates/rails/welcome/index.html.erb
  Rendered /Users/polinelottin/.rvm/gems/ruby-2.3.5/gems/railties-5.2.1/lib/rails/templates/rails/welcome/index.html.erb (2.3ms)
Completed 200 OK in 9ms (Views: 5.5ms | ActiveRecord: 0.0ms)


Started GET "/" for 127.0.0.1 at 2018-08-25 13:38:10 -0300
Started GET "/ideas" for 127.0.0.1 at 2018-08-25 13:38:20 -0300
Processing by IdeasController#index as HTML
  Rendering ideas/index.html.erb within layouts/application
  [1m[36mIdea Load (0.2ms)[0m  [1m[34mSELECT "ideas".* FROM "ideas"[0m
  ↳ app/views/ideas/index.html.erb:16
  Rendered ideas/index.html.erb within layouts/application (9.9ms)
Completed 200 OK in 44ms (Views: 35.4ms | ActiveRecord: 0.7ms)


Started GET "/pages/info" for 127.0.0.1 at 2018-08-25 13:42:27 -0300
Processing by PagesController#info as HTML
  Rendering pages/info.html.erb within layouts/application
  Rendered pages/info.html.erb within layouts/application (0.4ms)
Completed 200 OK in 102ms (Views: 99.0ms | ActiveRecord: 0.0ms)


Started GET "/ideas" for 127.0.0.1 at 2018-08-25 13:45:57 -0300
Processing by IdeasController#index as HTML
  Rendering ideas/index.html.erb within layouts/application
  [1m[36mIdea Load (0.5ms)[0m  [1m[34mSELECT "ideas".* FROM "ideas"[0m
  ↳ app/views/ideas/index.html.erb:16
  Rendered ideas/index.html.erb within layouts/application (10.3ms)
Completed 200 OK in 39ms (Views: 32.3ms | ActiveRecord: 1.3ms)


Started GET "/ideas/new" for 127.0.0.1 at 2018-08-25 13:46:01 -0300
Processing by IdeasController#new as HTML
  Rendering ideas/new.html.erb within layouts/application
  Rendered ideas/_form.html.erb (25.4ms)
  Rendered ideas/new.html.erb within layouts/application (28.0ms)
Completed 200 OK in 52ms (Views: 48.7ms | ActiveRecord: 0.0ms)


Started GET "/" for 127.0.0.1 at 2018-08-25 13:46:21 -0300
Started GET "/ideas" for 127.0.0.1 at 2018-08-25 13:46:21 -0300
Processing by IdeasController#index as HTML
  Rendering ideas/index.html.erb within layouts/application
  [1m[36mIdea Load (0.1ms)[0m  [1m[34mSELECT "ideas".* FROM "ideas"[0m
  ↳ app/views/ideas/index.html.erb:16
  Rendered ideas/index.html.erb within layouts/application (1.5ms)
Completed 200 OK in 23ms (Views: 19.8ms | ActiveRecord: 0.1ms)


Started GET "/ideas/1" for 127.0.0.1 at 2018-08-25 13:46:23 -0300
Processing by IdeasController#show as HTML
  Parameters: {"id"=>"1"}
  [1m[36mIdea Load (0.5ms)[0m  [1m[34mSELECT  "ideas".* FROM "ideas" WHERE "ideas"."id" = ? LIMIT ?[0m  [["id", 1], ["LIMIT", 1]]
  ↳ app/controllers/ideas_controller.rb:67
  Rendering ideas/show.html.erb within layouts/application
  Rendered ideas/show.html.erb within layouts/application (0.8ms)
Completed 200 OK in 29ms (Views: 18.4ms | ActiveRecord: 0.5ms)


Started GET "/ideas" for 127.0.0.1 at 2018-08-25 13:46:30 -0300
Processing by IdeasController#index as HTML
  Rendering ideas/index.html.erb within layouts/application
  [1m[36mIdea Load (0.1ms)[0m  [1m[34mSELECT "ideas".* FROM "ideas"[0m
  ↳ app/views/ideas/index.html.erb:16
  Rendered ideas/index.html.erb within layouts/application (1.7ms)
Completed 200 OK in 40ms (Views: 35.8ms | ActiveRecord: 0.1ms)


Started GET "/" for 127.0.0.1 at 2018-08-25 13:46:38 -0300
Started GET "/ideas" for 127.0.0.1 at 2018-08-25 13:46:38 -0300
Processing by IdeasController#index as HTML
  Rendering ideas/index.html.erb within layouts/application
  [1m[36mIdea Load (0.1ms)[0m  [1m[34mSELECT "ideas".* FROM "ideas"[0m
  ↳ app/views/ideas/index.html.erb:16
  Rendered ideas/index.html.erb within layouts/application (1.6ms)
Completed 200 OK in 28ms (Views: 25.6ms | ActiveRecord: 0.1ms)


Started GET "/" for 127.0.0.1 at 2018-08-25 13:46:47 -0300
Started GET "/ideas" for 127.0.0.1 at 2018-08-25 13:46:47 -0300
Processing by IdeasController#index as HTML
  Rendering ideas/index.html.erb within layouts/application
  [1m[36mIdea Load (0.2ms)[0m  [1m[34mSELECT "ideas".* FROM "ideas"[0m
  ↳ app/views/ideas/index.html.erb:16
  Rendered ideas/index.html.erb within layouts/application (2.7ms)
Completed 200 OK in 27ms (Views: 23.1ms | ActiveRecord: 0.2ms)


Started GET "/" for 127.0.0.1 at 2018-08-25 13:46:49 -0300
Started GET "/ideas" for 127.0.0.1 at 2018-08-25 13:46:49 -0300
Processing by IdeasController#index as HTML
  Rendering ideas/index.html.erb within layouts/application
  [1m[36mIdea Load (0.1ms)[0m  [1m[34mSELECT "ideas".* FROM "ideas"[0m
  ↳ app/views/ideas/index.html.erb:16
  Rendered ideas/index.html.erb within layouts/application (1.5ms)
Completed 200 OK in 28ms (Views: 25.7ms | ActiveRecord: 0.1ms)


Started GET "/" for 127.0.0.1 at 2018-08-25 13:46:51 -0300
Started GET "/ideas" for 127.0.0.1 at 2018-08-25 13:46:51 -0300
Processing by IdeasController#index as HTML
  Rendering ideas/index.html.erb within layouts/application
  [1m[36mIdea Load (0.1ms)[0m  [1m[34mSELECT "ideas".* FROM "ideas"[0m
  ↳ app/views/ideas/index.html.erb:16
  Rendered ideas/index.html.erb within layouts/application (1.5ms)
Completed 200 OK in 28ms (Views: 25.8ms | ActiveRecord: 0.1ms)


Started GET "/pages/info" for 127.0.0.1 at 2018-08-25 13:48:52 -0300
Processing by PagesController#info as HTML
  Rendering pages/info.html.erb within layouts/application
  Rendered pages/info.html.erb within layouts/application (0.5ms)
Completed 200 OK in 25ms (Views: 22.4ms | ActiveRecord: 0.0ms)


Started GET "/pages/info" for 127.0.0.1 at 2018-08-25 13:49:51 -0300
Processing by PagesController#info as HTML
  Rendering pages/info.html.erb within layouts/application
  Rendered pages/info.html.erb within layouts/application (0.4ms)
Completed 200 OK in 23ms (Views: 20.7ms | ActiveRecord: 0.0ms)


Started GET "/pages/info" for 127.0.0.1 at 2018-08-25 13:50:15 -0300
Processing by PagesController#info as HTML
  Rendering pages/info.html.erb within layouts/application
  Rendered pages/info.html.erb within layouts/application (0.7ms)
Completed 200 OK in 28ms (Views: 25.9ms | ActiveRecord: 0.0ms)


Started GET "/" for 127.0.0.1 at 2018-08-25 15:07:09 -0300
  [1m[35m (0.0ms)[0m  [1m[34mSELECT "schema_migrations"."version" FROM "schema_migrations" ORDER BY "schema_migrations"."version" ASC[0m
  ↳ C:/RailsInstaller/Ruby2.2.0/lib/ruby/gems/2.2.0/gems/activerecord-5.2.1/lib/active_record/log_subscriber.rb:98
Started GET "/ideas" for 127.0.0.1 at 2018-08-25 15:07:10 -0300
Processing by IdeasController#index as HTML
  Rendering ideas/index.html.erb within layouts/application
  [1m[36mIdea Load (0.0ms)[0m  [1m[34mSELECT "ideas".* FROM "ideas"[0m
  ↳ app/views/ideas/index.html.erb:16
  Rendered ideas/index.html.erb within layouts/application (15.9ms)
Completed 200 OK in 4478ms (Views: 4434.3ms | ActiveRecord: 0.4ms)


